2024-07-24 05:04:48,996 0-FOLD out of 5
2024-07-24 05:04:48,997 Train length: 672 Validate length: 168 SUM:, 840
2024-07-24 05:04:48,999 Optimizing hparams
2024-07-24 05:04:49,002 Performing inner CV hparam optimization
2024-07-24 05:04:52,587 Epoch 0 | Train Loss (MSE) 26.069338176931655
2024-07-24 05:04:56,787 Epoch 1 | Train Loss (MSE) 1.9465930802481515
2024-07-24 05:05:03,978 Epoch 0 | Train Loss (MSE) 16.121856825692312
2024-07-24 05:05:07,680 Epoch 1 | Train Loss (MSE) 3.172085762023926
2024-07-24 05:05:11,671 Epoch 0 | Train Loss (MSE) 9.440867551735469
2024-07-24 05:05:14,148 Epoch 1 | Train Loss (MSE) 2.098649493285588
2024-07-24 05:05:15,379 Performing inner CV hparam optimization
2024-07-24 05:05:18,253 Epoch 0 | Train Loss (MSE) 49.89956702504839
2024-07-24 05:05:20,762 Epoch 1 | Train Loss (MSE) 2.0127105627741133
2024-07-24 05:05:24,295 Epoch 0 | Train Loss (MSE) 5.439251380307334
2024-07-24 05:05:26,688 Epoch 1 | Train Loss (MSE) 1.9557387573378426
2024-07-24 05:05:30,743 Epoch 0 | Train Loss (MSE) 3.754374861717224
2024-07-24 05:05:33,474 Epoch 1 | Train Loss (MSE) 1.4775968279157365
2024-07-24 05:05:34,628 Best h-params: 
2024-07-24 05:05:34,632 Test on unseen data using the model+best hparams from inner loop
2024-07-24 05:05:38,268 Epoch 0 | Train Loss (MSE) 10.951640912464686
2024-07-24 05:05:42,108 Epoch 1 | Train Loss (MSE) 1.7000090678532918
2024-07-24 05:05:42,983 Test Evaluation MSE: 0.7205361127853394
2024-07-24 05:05:42,983 1-FOLD out of 5
2024-07-24 05:05:42,983 Train length: 672 Validate length: 168 SUM:, 840
2024-07-24 05:05:42,987 Optimizing hparams
2024-07-24 05:05:42,990 Performing inner CV hparam optimization
2024-07-24 05:05:45,839 Epoch 0 | Train Loss (MSE) 27.11099338531494
2024-07-24 05:05:48,227 Epoch 1 | Train Loss (MSE) 2.5510313510894775
2024-07-24 05:05:51,786 Epoch 0 | Train Loss (MSE) 5.403518157345908
2024-07-24 05:05:54,179 Epoch 1 | Train Loss (MSE) 1.7704129815101624
2024-07-24 05:05:58,077 Epoch 0 | Train Loss (MSE) 9.57170832157135
2024-07-24 05:06:00,904 Epoch 1 | Train Loss (MSE) 1.7993489163262504
2024-07-24 05:06:02,017 Performing inner CV hparam optimization
2024-07-24 05:06:04,533 Epoch 0 | Train Loss (MSE) 2.951813953263419
2024-07-24 05:06:06,971 Epoch 1 | Train Loss (MSE) 1.4920063955443246
2024-07-24 05:06:10,643 Epoch 0 | Train Loss (MSE) 4.464568606444767
2024-07-24 05:06:13,623 Epoch 1 | Train Loss (MSE) 1.7898253543036324
2024-07-24 05:06:17,428 Epoch 0 | Train Loss (MSE) 3.5895890252930776
2024-07-24 05:06:20,072 Epoch 1 | Train Loss (MSE) 1.5359051142420088
2024-07-24 05:06:21,211 Best h-params: 
2024-07-24 05:06:21,214 Test on unseen data using the model+best hparams from inner loop
2024-07-24 05:06:25,349 Epoch 0 | Train Loss (MSE) 7.374721402213687
2024-07-24 05:06:29,659 Epoch 1 | Train Loss (MSE) 1.861585565975734
2024-07-24 05:06:30,508 Test Evaluation MSE: 0.24946333467960358
2024-07-24 05:06:30,509 2-FOLD out of 5
2024-07-24 05:06:30,509 Train length: 672 Validate length: 168 SUM:, 840
2024-07-24 05:06:30,511 Optimizing hparams
2024-07-24 05:06:30,513 Performing inner CV hparam optimization
2024-07-24 05:06:33,336 Epoch 0 | Train Loss (MSE) 7.308099814823696
2024-07-24 05:06:35,946 Epoch 1 | Train Loss (MSE) 2.144741177558899
2024-07-24 05:06:39,987 Epoch 0 | Train Loss (MSE) 4.062236053603036
2024-07-24 05:06:42,852 Epoch 1 | Train Loss (MSE) 1.6944026776722498
2024-07-24 05:06:46,869 Epoch 0 | Train Loss (MSE) 4.1503690992082864
2024-07-24 05:06:50,001 Epoch 1 | Train Loss (MSE) 1.8880003264972143
2024-07-24 05:06:51,141 Performing inner CV hparam optimization
2024-07-24 05:06:53,968 Epoch 0 | Train Loss (MSE) 3.5513758659362793
2024-07-24 05:06:56,884 Epoch 1 | Train Loss (MSE) 1.646525434085301
2024-07-24 05:07:00,613 Epoch 0 | Train Loss (MSE) 7.416520365646908
2024-07-24 05:07:03,217 Epoch 1 | Train Loss (MSE) 1.8862335341317313
2024-07-24 05:07:07,164 Epoch 0 | Train Loss (MSE) 8.762610392911094
2024-07-24 05:07:10,167 Epoch 1 | Train Loss (MSE) 2.0433094586644853
2024-07-24 05:07:11,311 Best h-params: 
2024-07-24 05:07:11,314 Test on unseen data using the model+best hparams from inner loop
2024-07-24 05:07:15,216 Epoch 0 | Train Loss (MSE) 5.143171804291861
2024-07-24 05:07:19,216 Epoch 1 | Train Loss (MSE) 1.5861867723010836
2024-07-24 05:07:20,130 Test Evaluation MSE: 0.10957490652799606
2024-07-24 05:07:20,130 3-FOLD out of 5
2024-07-24 05:07:20,131 Train length: 672 Validate length: 168 SUM:, 840
2024-07-24 05:07:20,134 Optimizing hparams
2024-07-24 05:07:20,139 Performing inner CV hparam optimization
2024-07-24 05:07:23,176 Epoch 0 | Train Loss (MSE) 15.670487208025795
2024-07-24 05:07:26,023 Epoch 1 | Train Loss (MSE) 1.7268817680222648
2024-07-24 05:07:29,817 Epoch 0 | Train Loss (MSE) 22.667606864656722
2024-07-24 05:07:32,321 Epoch 1 | Train Loss (MSE) 3.3573025294712613
2024-07-24 05:07:36,343 Epoch 0 | Train Loss (MSE) 10.893845098359245
2024-07-24 05:07:39,246 Epoch 1 | Train Loss (MSE) 2.7827809367861067
2024-07-24 05:07:40,437 Performing inner CV hparam optimization
2024-07-24 05:07:43,100 Epoch 0 | Train Loss (MSE) 3.53766291482108
2024-07-24 05:07:45,958 Epoch 1 | Train Loss (MSE) 1.5666478276252747
2024-07-24 05:07:50,407 Epoch 0 | Train Loss (MSE) 3.1124511105673656
2024-07-24 05:07:53,517 Epoch 1 | Train Loss (MSE) 1.7146334477833338
2024-07-24 05:07:58,216 Epoch 0 | Train Loss (MSE) 4.812606223991939
2024-07-24 05:08:01,281 Epoch 1 | Train Loss (MSE) 1.820297999041421
2024-07-24 05:08:02,666 Best h-params: 
2024-07-24 05:08:02,672 Test on unseen data using the model+best hparams from inner loop
2024-07-24 05:08:09,397 Epoch 0 | Train Loss (MSE) 11.624237821215676
2024-07-24 05:08:14,736 Epoch 1 | Train Loss (MSE) 1.5671267339161463
2024-07-24 05:08:16,186 Test Evaluation MSE: 0.0019980089273303747
2024-07-24 05:08:16,187 4-FOLD out of 5
2024-07-24 05:08:16,187 Train length: 672 Validate length: 168 SUM:, 840
2024-07-24 05:08:16,191 Optimizing hparams
2024-07-24 05:08:16,193 Performing inner CV hparam optimization
2024-07-24 05:08:19,835 Epoch 0 | Train Loss (MSE) 29.132176842008317
2024-07-24 05:08:22,934 Epoch 1 | Train Loss (MSE) 4.173726899283273
2024-07-24 05:08:27,955 Epoch 0 | Train Loss (MSE) 13.140173452241081
2024-07-24 05:08:31,276 Epoch 1 | Train Loss (MSE) 1.8539689012936182
2024-07-24 05:08:36,566 Epoch 0 | Train Loss (MSE) 6.52350868497576
2024-07-24 05:08:40,133 Epoch 1 | Train Loss (MSE) 1.6348934258733476
2024-07-24 05:08:41,393 Performing inner CV hparam optimization
2024-07-24 05:08:44,270 Epoch 0 | Train Loss (MSE) 7.917773468153817
2024-07-24 05:08:47,235 Epoch 1 | Train Loss (MSE) 1.705918320587703
2024-07-24 05:08:51,877 Epoch 0 | Train Loss (MSE) 10.25947346006121
2024-07-24 05:08:55,205 Epoch 1 | Train Loss (MSE) 2.7283865894590105
2024-07-24 05:08:58,994 Epoch 0 | Train Loss (MSE) 9.62975549697876
2024-07-24 05:09:02,124 Epoch 1 | Train Loss (MSE) 1.7938830852508545
2024-07-24 05:09:04,225 Best h-params: 
2024-07-24 05:09:04,228 Test on unseen data using the model+best hparams from inner loop
2024-07-24 05:09:08,684 Epoch 0 | Train Loss (MSE) 10.56649945463453
2024-07-24 05:09:13,018 Epoch 1 | Train Loss (MSE) 1.635736414364406
2024-07-24 05:09:14,017 Test Evaluation MSE: 1.2784576416015625
2024-07-24 05:09:14,020 Mean MSE across Outer CV: 0.47200602293014526
